2019-11-11 15:15:21.897 |-INFO  [main] com.oujiong.Application [50] -| Starting Application on xubdeMacBook-Pro.local with PID 23537 (/Users/xub/githubpro/spring-boot-distributed-redisson/redis-distributed-lock-web-test/target/classes started by xub in /Users/xub/githubpro/spring-boot-distributed-redisson)
2019-11-11 15:15:21.903 |-INFO  [main] com.oujiong.Application [675] -| No active profile set, falling back to default profiles: default
2019-11-11 15:15:25.092 |-INFO  [main] org.springframework.boot.web.embedded.tomcat.TomcatWebServer [90] -| Tomcat initialized with port(s): 8086 (http)
2019-11-11 15:15:25.119 |-INFO  [main] org.apache.catalina.core.StandardService [173] -| Starting service [Tomcat]
2019-11-11 15:15:25.119 |-INFO  [main] org.apache.catalina.core.StandardEngine [173] -| Starting Servlet engine: [Apache Tomcat/9.0.19]
2019-11-11 15:15:25.226 |-INFO  [main] org.apache.catalina.core.ContainerBase.[Tomcat].[localhost].[/] [173] -| Initializing Spring embedded WebApplicationContext
2019-11-11 15:15:25.226 |-INFO  [main] org.springframework.web.context.ContextLoader [296] -| Root WebApplicationContext: initialization completed in 3203 ms
2019-11-11 15:15:25.352 |-INFO  [main] com.oujiong.redisson.strategy.impl.StandaloneConfigImpl [34] -| 初始化[单机部署]方式Config,redisAddress:47.99.203.55:6379
2019-11-11 15:15:25.612 |-INFO  [main] org.redisson.Version [41] -| Redisson 3.5.4
2019-11-11 15:15:26.047 |-INFO  [redisson-netty-1-7] org.redisson.connection.pool.MasterPubSubConnectionPool [143] -| 1 connections initialized for /47.99.203.55:6379
2019-11-11 15:15:26.047 |-INFO  [redisson-netty-1-2] org.redisson.connection.pool.MasterConnectionPool [143] -| 10 connections initialized for /47.99.203.55:6379
2019-11-11 15:15:26.053 |-INFO  [main] com.oujiong.redisson.config.RedissonAutoConfiguration [45] -| [RedissonManager]组装完毕,当前连接方式:standalone,连接地址:47.99.203.55:6379
2019-11-11 15:15:26.056 |-INFO  [main] com.oujiong.redisson.config.RedissonAutoConfiguration [35] -| [RedissonLock]组装完毕
2019-11-11 15:15:26.297 |-INFO  [main] org.springframework.scheduling.concurrent.ThreadPoolTaskExecutor [171] -| Initializing ExecutorService 'applicationTaskExecutor'
2019-11-11 15:15:26.468 |-INFO  [main] org.springframework.scheduling.concurrent.ThreadPoolTaskScheduler [171] -| Initializing ExecutorService 'taskScheduler'
2019-11-11 15:15:26.535 |-INFO  [main] org.springframework.boot.web.embedded.tomcat.TomcatWebServer [204] -| Tomcat started on port(s): 8086 (http) with context path ''
2019-11-11 15:15:26.540 |-INFO  [main] com.oujiong.Application [59] -| Started Application in 5.666 seconds (JVM running for 7.798)
2019-11-11 15:15:43.647 |-INFO  [Thread-15] org.springframework.scheduling.concurrent.ThreadPoolTaskScheduler [208] -| Shutting down ExecutorService 'taskScheduler'
2019-11-11 15:15:43.649 |-INFO  [Thread-15] org.springframework.scheduling.concurrent.ThreadPoolTaskExecutor [208] -| Shutting down ExecutorService 'applicationTaskExecutor'
2019-11-11 15:15:48.154 |-INFO  [main] com.oujiong.Application [50] -| Starting Application on xubdeMacBook-Pro.local with PID 23556 (/Users/xub/githubpro/spring-boot-distributed-redisson/redis-distributed-lock-web-test/target/classes started by xub in /Users/xub/githubpro/spring-boot-distributed-redisson)
2019-11-11 15:15:48.160 |-INFO  [main] com.oujiong.Application [675] -| No active profile set, falling back to default profiles: default
2019-11-11 15:15:49.670 |-INFO  [main] org.springframework.boot.web.embedded.tomcat.TomcatWebServer [90] -| Tomcat initialized with port(s): 8086 (http)
2019-11-11 15:15:49.690 |-INFO  [main] org.apache.catalina.core.StandardService [173] -| Starting service [Tomcat]
2019-11-11 15:15:49.690 |-INFO  [main] org.apache.catalina.core.StandardEngine [173] -| Starting Servlet engine: [Apache Tomcat/9.0.19]
2019-11-11 15:15:49.788 |-INFO  [main] org.apache.catalina.core.ContainerBase.[Tomcat].[localhost].[/] [173] -| Initializing Spring embedded WebApplicationContext
2019-11-11 15:15:49.788 |-INFO  [main] org.springframework.web.context.ContextLoader [296] -| Root WebApplicationContext: initialization completed in 1482 ms
2019-11-11 15:15:49.881 |-INFO  [main] com.oujiong.redisson.strategy.impl.StandaloneConfigImpl [34] -| 初始化[单机部署]方式Config,redisAddress:47.99.203.55:6378
2019-11-11 15:15:50.054 |-INFO  [main] org.redisson.Version [41] -| Redisson 3.5.4
2019-11-11 15:16:00.353 |-ERROR [redisson-netty-1-7] org.redisson.connection.pool.MasterConnectionPool [331] -| host /47.99.203.55:6378 disconnected due to failedAttempts=3 limit reached
io.netty.channel.ConnectTimeoutException: connection timed out: /47.99.203.55:6378
	at io.netty.channel.nio.AbstractNioChannel$AbstractNioUnsafe$1.run(AbstractNioChannel.java:267)
	at io.netty.util.concurrent.PromiseTask$RunnableAdapter.call(PromiseTask.java:38)
	at io.netty.util.concurrent.ScheduledFutureTask.run(ScheduledFutureTask.java:127)
	at io.netty.util.concurrent.AbstractEventExecutor.safeExecute$$$capture(AbstractEventExecutor.java:163)
	at io.netty.util.concurrent.AbstractEventExecutor.safeExecute(AbstractEventExecutor.java)
	at io.netty.util.concurrent.SingleThreadEventExecutor.runAllTasks(SingleThreadEventExecutor.java:405)
	at io.netty.channel.nio.NioEventLoop.run(NioEventLoop.java:500)
	at io.netty.util.concurrent.SingleThreadEventExecutor$5.run(SingleThreadEventExecutor.java:906)
	at io.netty.util.internal.ThreadExecutorMap$2.run(ThreadExecutorMap.java:74)
	at io.netty.util.concurrent.FastThreadLocalRunnable.run(FastThreadLocalRunnable.java:30)
	at java.lang.Thread.run(Thread.java:748)
2019-11-11 15:16:02.667 |-ERROR [main] com.oujiong.redisson.RedissonManager [40] -| Redisson init error
org.redisson.client.RedisConnectionException: Unable to connect to Redis server: /47.99.203.55:6378
	at org.redisson.connection.pool.ConnectionPool$2$1.operationComplete(ConnectionPool.java:136)
	at io.netty.util.concurrent.DefaultPromise.notifyListener0(DefaultPromise.java:502)
	at io.netty.util.concurrent.DefaultPromise.notifyListenersNow(DefaultPromise.java:476)
	at io.netty.util.concurrent.DefaultPromise.notifyListeners(DefaultPromise.java:415)
	at io.netty.util.concurrent.DefaultPromise.setValue0(DefaultPromise.java:540)
	at io.netty.util.concurrent.DefaultPromise.setFailure0(DefaultPromise.java:533)
	at io.netty.util.concurrent.DefaultPromise.tryFailure(DefaultPromise.java:114)
	at org.redisson.misc.RedissonPromise.tryFailure(RedissonPromise.java:98)
	at org.redisson.connection.pool.ConnectionPool.promiseFailure(ConnectionPool.java:304)
	at org.redisson.connection.pool.ConnectionPool.access$400(ConnectionPool.java:52)
	at org.redisson.connection.pool.ConnectionPool$4.operationComplete(ConnectionPool.java:274)
	at io.netty.util.concurrent.DefaultPromise.notifyListener0(DefaultPromise.java:502)
	at io.netty.util.concurrent.DefaultPromise.notifyListeners0(DefaultPromise.java:495)
	at io.netty.util.concurrent.DefaultPromise.notifyListenersNow(DefaultPromise.java:474)
	at io.netty.util.concurrent.DefaultPromise.notifyListeners(DefaultPromise.java:415)
	at io.netty.util.concurrent.DefaultPromise.setValue0(DefaultPromise.java:540)
	at io.netty.util.concurrent.DefaultPromise.setFailure0(DefaultPromise.java:533)
	at io.netty.util.concurrent.DefaultPromise.tryFailure(DefaultPromise.java:114)
	at org.redisson.misc.RedissonPromise.tryFailure(RedissonPromise.java:98)
	at org.redisson.client.RedisClient$1$2.run(RedisClient.java:235)
	at io.netty.util.concurrent.AbstractEventExecutor.safeExecute$$$capture(AbstractEventExecutor.java:163)
	at io.netty.util.concurrent.AbstractEventExecutor.safeExecute(AbstractEventExecutor.java)
	at io.netty.util.concurrent.SingleThreadEventExecutor.runAllTasks(SingleThreadEventExecutor.java:405)
	at io.netty.channel.nio.NioEventLoop.run(NioEventLoop.java:500)
	at io.netty.util.concurrent.SingleThreadEventExecutor$5.run(SingleThreadEventExecutor.java:906)
	at io.netty.util.internal.ThreadExecutorMap$2.run(ThreadExecutorMap.java:74)
	at io.netty.util.concurrent.FastThreadLocalRunnable.run(FastThreadLocalRunnable.java:30)
	at java.lang.Thread.run(Thread.java:748)
Caused by: io.netty.channel.ConnectTimeoutException: connection timed out: /47.99.203.55:6378
	at io.netty.channel.nio.AbstractNioChannel$AbstractNioUnsafe$1.run(AbstractNioChannel.java:267)
	at io.netty.util.concurrent.PromiseTask$RunnableAdapter.call(PromiseTask.java:38)
	at io.netty.util.concurrent.ScheduledFutureTask.run(ScheduledFutureTask.java:127)
	... 8 common frames omitted
2019-11-11 15:16:02.670 |-WARN  [main] org.springframework.boot.web.servlet.context.AnnotationConfigServletWebServerApplicationContext [557] -| Exception encountered during context initialization - cancelling refresh attempt: org.springframework.beans.factory.UnsatisfiedDependencyException: Error creating bean with name 'annotatinLockController': Unsatisfied dependency expressed through field 'redissonLock'; nested exception is org.springframework.beans.factory.UnsatisfiedDependencyException: Error creating bean with name 'redissonLock' defined in class path resource [com/oujiong/redisson/config/RedissonAutoConfiguration.class]: Unsatisfied dependency expressed through method 'redissonLock' parameter 0; nested exception is org.springframework.beans.factory.BeanCreationException: Error creating bean with name 'redissonManager' defined in class path resource [com/oujiong/redisson/config/RedissonAutoConfiguration.class]: Bean instantiation via factory method failed; nested exception is org.springframework.beans.BeanInstantiationException: Failed to instantiate [com.oujiong.redisson.RedissonManager]: Factory method 'redissonManager' threw exception; nested exception is java.lang.IllegalArgumentException: please input correct configurations,connectionType must in standalone/sentinel/cluster/masterslave
2019-11-11 15:16:02.673 |-INFO  [main] org.apache.catalina.core.StandardService [173] -| Stopping service [Tomcat]
2019-11-11 15:16:02.685 |-INFO  [main] org.springframework.boot.autoconfigure.logging.ConditionEvaluationReportLoggingListener [142] -| 

Error starting ApplicationContext. To display the conditions report re-run your application with 'debug' enabled.
2019-11-11 15:16:02.694 |-ERROR [main] org.springframework.boot.SpringApplication [858] -| Application run failed
org.springframework.beans.factory.UnsatisfiedDependencyException: Error creating bean with name 'annotatinLockController': Unsatisfied dependency expressed through field 'redissonLock'; nested exception is org.springframework.beans.factory.UnsatisfiedDependencyException: Error creating bean with name 'redissonLock' defined in class path resource [com/oujiong/redisson/config/RedissonAutoConfiguration.class]: Unsatisfied dependency expressed through method 'redissonLock' parameter 0; nested exception is org.springframework.beans.factory.BeanCreationException: Error creating bean with name 'redissonManager' defined in class path resource [com/oujiong/redisson/config/RedissonAutoConfiguration.class]: Bean instantiation via factory method failed; nested exception is org.springframework.beans.BeanInstantiationException: Failed to instantiate [com.oujiong.redisson.RedissonManager]: Factory method 'redissonManager' threw exception; nested exception is java.lang.IllegalArgumentException: please input correct configurations,connectionType must in standalone/sentinel/cluster/masterslave
	at org.springframework.beans.factory.annotation.AutowiredAnnotationBeanPostProcessor$AutowiredFieldElement.inject(AutowiredAnnotationBeanPostProcessor.java:596)
	at org.springframework.beans.factory.annotation.InjectionMetadata.inject(InjectionMetadata.java:90)
	at org.springframework.beans.factory.annotation.AutowiredAnnotationBeanPostProcessor.postProcessProperties(AutowiredAnnotationBeanPostProcessor.java:374)
	at org.springframework.beans.factory.support.AbstractAutowireCapableBeanFactory.populateBean(AbstractAutowireCapableBeanFactory.java:1411)
	at org.springframework.beans.factory.support.AbstractAutowireCapableBeanFactory.doCreateBean(AbstractAutowireCapableBeanFactory.java:592)
	at org.springframework.beans.factory.support.AbstractAutowireCapableBeanFactory.createBean(AbstractAutowireCapableBeanFactory.java:515)
	at org.springframework.beans.factory.support.AbstractBeanFactory.lambda$doGetBean$0(AbstractBeanFactory.java:320)
	at org.springframework.beans.factory.support.DefaultSingletonBeanRegistry.getSingleton(DefaultSingletonBeanRegistry.java:222)
	at org.springframework.beans.factory.support.AbstractBeanFactory.doGetBean(AbstractBeanFactory.java:318)
	at org.springframework.beans.factory.support.AbstractBeanFactory.getBean(AbstractBeanFactory.java:199)
	at org.springframework.beans.factory.support.DefaultListableBeanFactory.preInstantiateSingletons(DefaultListableBeanFactory.java:843)
	at org.springframework.context.support.AbstractApplicationContext.finishBeanFactoryInitialization(AbstractApplicationContext.java:877)
	at org.springframework.context.support.AbstractApplicationContext.refresh(AbstractApplicationContext.java:549)
	at org.springframework.boot.web.servlet.context.ServletWebServerApplicationContext.refresh(ServletWebServerApplicationContext.java:142)
	at org.springframework.boot.SpringApplication.refresh(SpringApplication.java:775)
	at org.springframework.boot.SpringApplication.refreshContext(SpringApplication.java:397)
	at org.springframework.boot.SpringApplication.run(SpringApplication.java:316)
	at org.springframework.boot.SpringApplication.run(SpringApplication.java:1260)
	at org.springframework.boot.SpringApplication.run(SpringApplication.java:1248)
	at com.oujiong.Application.main(Application.java:13)
Caused by: org.springframework.beans.factory.UnsatisfiedDependencyException: Error creating bean with name 'redissonLock' defined in class path resource [com/oujiong/redisson/config/RedissonAutoConfiguration.class]: Unsatisfied dependency expressed through method 'redissonLock' parameter 0; nested exception is org.springframework.beans.factory.BeanCreationException: Error creating bean with name 'redissonManager' defined in class path resource [com/oujiong/redisson/config/RedissonAutoConfiguration.class]: Bean instantiation via factory method failed; nested exception is org.springframework.beans.BeanInstantiationException: Failed to instantiate [com.oujiong.redisson.RedissonManager]: Factory method 'redissonManager' threw exception; nested exception is java.lang.IllegalArgumentException: please input correct configurations,connectionType must in standalone/sentinel/cluster/masterslave
	at org.springframework.beans.factory.support.ConstructorResolver.createArgumentArray(ConstructorResolver.java:769)
	at org.springframework.beans.factory.support.ConstructorResolver.instantiateUsingFactoryMethod(ConstructorResolver.java:509)
	at org.springframework.beans.factory.support.AbstractAutowireCapableBeanFactory.instantiateUsingFactoryMethod(AbstractAutowireCapableBeanFactory.java:1321)
	at org.springframework.beans.factory.support.AbstractAutowireCapableBeanFactory.createBeanInstance(AbstractAutowireCapableBeanFactory.java:1160)
	at org.springframework.beans.factory.support.AbstractAutowireCapableBeanFactory.doCreateBean(AbstractAutowireCapableBeanFactory.java:555)
	at org.springframework.beans.factory.support.AbstractAutowireCapableBeanFactory.createBean(AbstractAutowireCapableBeanFactory.java:515)
	at org.springframework.beans.factory.support.AbstractBeanFactory.lambda$doGetBean$0(AbstractBeanFactory.java:320)
	at org.springframework.beans.factory.support.DefaultSingletonBeanRegistry.getSingleton(DefaultSingletonBeanRegistry.java:222)
	at org.springframework.beans.factory.support.AbstractBeanFactory.doGetBean(AbstractBeanFactory.java:318)
	at org.springframework.beans.factory.support.AbstractBeanFactory.getBean(AbstractBeanFactory.java:199)
	at org.springframework.beans.factory.config.DependencyDescriptor.resolveCandidate(DependencyDescriptor.java:277)
	at org.springframework.beans.factory.support.DefaultListableBeanFactory.doResolveDependency(DefaultListableBeanFactory.java:1248)
	at org.springframework.beans.factory.support.DefaultListableBeanFactory.resolveDependency(DefaultListableBeanFactory.java:1168)
	at org.springframework.beans.factory.annotation.AutowiredAnnotationBeanPostProcessor$AutowiredFieldElement.inject(AutowiredAnnotationBeanPostProcessor.java:593)
	... 19 common frames omitted
Caused by: org.springframework.beans.factory.BeanCreationException: Error creating bean with name 'redissonManager' defined in class path resource [com/oujiong/redisson/config/RedissonAutoConfiguration.class]: Bean instantiation via factory method failed; nested exception is org.springframework.beans.BeanInstantiationException: Failed to instantiate [com.oujiong.redisson.RedissonManager]: Factory method 'redissonManager' threw exception; nested exception is java.lang.IllegalArgumentException: please input correct configurations,connectionType must in standalone/sentinel/cluster/masterslave
	at org.springframework.beans.factory.support.ConstructorResolver.instantiate(ConstructorResolver.java:627)
	at org.springframework.beans.factory.support.ConstructorResolver.instantiateUsingFactoryMethod(ConstructorResolver.java:607)
	at org.springframework.beans.factory.support.AbstractAutowireCapableBeanFactory.instantiateUsingFactoryMethod(AbstractAutowireCapableBeanFactory.java:1321)
	at org.springframework.beans.factory.support.AbstractAutowireCapableBeanFactory.createBeanInstance(AbstractAutowireCapableBeanFactory.java:1160)
	at org.springframework.beans.factory.support.AbstractAutowireCapableBeanFactory.doCreateBean(AbstractAutowireCapableBeanFactory.java:555)
	at org.springframework.beans.factory.support.AbstractAutowireCapableBeanFactory.createBean(AbstractAutowireCapableBeanFactory.java:515)
	at org.springframework.beans.factory.support.AbstractBeanFactory.lambda$doGetBean$0(AbstractBeanFactory.java:320)
	at org.springframework.beans.factory.support.DefaultSingletonBeanRegistry.getSingleton(DefaultSingletonBeanRegistry.java:222)
	at org.springframework.beans.factory.support.AbstractBeanFactory.doGetBean(AbstractBeanFactory.java:318)
	at org.springframework.beans.factory.support.AbstractBeanFactory.getBean(AbstractBeanFactory.java:199)
	at org.springframework.beans.factory.config.DependencyDescriptor.resolveCandidate(DependencyDescriptor.java:277)
	at org.springframework.beans.factory.support.DefaultListableBeanFactory.doResolveDependency(DefaultListableBeanFactory.java:1248)
	at org.springframework.beans.factory.support.DefaultListableBeanFactory.resolveDependency(DefaultListableBeanFactory.java:1168)
	at org.springframework.beans.factory.support.ConstructorResolver.resolveAutowiredArgument(ConstructorResolver.java:857)
	at org.springframework.beans.factory.support.ConstructorResolver.createArgumentArray(ConstructorResolver.java:760)
	... 32 common frames omitted
Caused by: org.springframework.beans.BeanInstantiationException: Failed to instantiate [com.oujiong.redisson.RedissonManager]: Factory method 'redissonManager' threw exception; nested exception is java.lang.IllegalArgumentException: please input correct configurations,connectionType must in standalone/sentinel/cluster/masterslave
	at org.springframework.beans.factory.support.SimpleInstantiationStrategy.instantiate(SimpleInstantiationStrategy.java:185)
	at org.springframework.beans.factory.support.ConstructorResolver.instantiate(ConstructorResolver.java:622)
	... 46 common frames omitted
Caused by: java.lang.IllegalArgumentException: please input correct configurations,connectionType must in standalone/sentinel/cluster/masterslave
	at com.oujiong.redisson.RedissonManager.<init>(RedissonManager.java:41)
	at com.oujiong.redisson.config.RedissonAutoConfiguration.redissonManager(RedissonAutoConfiguration.java:43)
	at com.oujiong.redisson.config.RedissonAutoConfiguration$$EnhancerBySpringCGLIB$$17cc6687.CGLIB$redissonManager$1(<generated>)
	at com.oujiong.redisson.config.RedissonAutoConfiguration$$EnhancerBySpringCGLIB$$17cc6687$$FastClassBySpringCGLIB$$f53a99fb.invoke(<generated>)
	at org.springframework.cglib.proxy.MethodProxy.invokeSuper(MethodProxy.java:244)
	at org.springframework.context.annotation.ConfigurationClassEnhancer$BeanMethodInterceptor.intercept(ConfigurationClassEnhancer.java:363)
	at com.oujiong.redisson.config.RedissonAutoConfiguration$$EnhancerBySpringCGLIB$$17cc6687.redissonManager(<generated>)
	at sun.reflect.NativeMethodAccessorImpl.invoke0(Native Method)
	at sun.reflect.NativeMethodAccessorImpl.invoke(NativeMethodAccessorImpl.java:62)
	at sun.reflect.DelegatingMethodAccessorImpl.invoke(DelegatingMethodAccessorImpl.java:43)
	at java.lang.reflect.Method.invoke(Method.java:498)
	at org.springframework.beans.factory.support.SimpleInstantiationStrategy.instantiate(SimpleInstantiationStrategy.java:154)
	... 47 common frames omitted
